
> frontend@0.1.0 dev
> next dev --webpack

▲ Next.js 16.2.1 (webpack)
- Local:         http://localhost:3000
- Network:       http://10.5.0.2:3000
- Environments: .env.local
✓ Ready in 11.4s

 GET / 200 in 4.0s (next.js: 3.3s, application-code: 721ms)
 GET /signup 200 in 1232ms (next.js: 1108ms, application-code: 124ms)
 GET /signin 200 in 671ms (next.js: 595ms, application-code: 76ms)
 GET /signin 200 in 268ms (next.js: 6ms, application-code: 262ms)
 GET /dashboard 200 in 1004ms (next.js: 930ms, application-code: 74ms)
 GET /dashboard 200 in 317ms (next.js: 205ms, application-code: 112ms)
 GET /dashboard 200 in 118ms (next.js: 66ms, application-code: 52ms)
 GET /dashboard 200 in 278ms (next.js: 10ms, application-code: 268ms)
 GET /dashboard 200 in 248ms (next.js: 161ms, application-code: 87ms)
 GET /dashboard 200 in 198ms (next.js: 119ms, application-code: 79ms)
 GET / 200 in 67ms (next.js: 19ms, application-code: 48ms)
 GET /signup 200 in 1101ms (next.js: 1022ms, application-code: 79ms)
 GET /signin 200 in 55ms (next.js: 19ms, application-code: 36ms)
 GET /dashboard 200 in 69ms (next.js: 28ms, application-code: 41ms)
 GET /dashboard 200 in 232ms (next.js: 155ms, application-code: 76ms)
 GET /dashboard 200 in 277ms (next.js: 169ms, application-code: 108ms)
 GET /dashboard 200 in 131ms (next.js: 73ms, application-code: 57ms)
 GET /dashboard 200 in 127ms (next.js: 75ms, application-code: 52ms)
